Using pre-set license
Built from '2020.3/staging' branch; Version is '2020.3.29f1 (2ff179115da0) revision 3142009'; Using compiler version '192528614'; Build Type 'Release'
OS: 'Windows 10  (10.0.19044) 64bit Professional' Language: 'tr' Physical Memory: 16306 MB
BatchMode: 1, IsHumanControllingUs: 0, StartBugReporterOnCrash: 0, Is64bit: 1, IsPro: 0

COMMAND LINE ARGUMENTS:
C:\Program Files\Unity 2020.3.29f1\Editor\Unity.exe
-adb2
-batchMode
-noUpm
-name
AssetImportWorker0
-projectPath
C:/Users/Kemalcan CEYLAN/Desktop/Tower-Defense-Tutorial-master/Tower Defense Unity Project
-logFile
Logs/AssetImportWorker0.log
-srvPort
52342
Successfully changed project path to: C:/Users/Kemalcan CEYLAN/Desktop/Tower-Defense-Tutorial-master/Tower Defense Unity Project
C:/Users/Kemalcan CEYLAN/Desktop/Tower-Defense-Tutorial-master/Tower Defense Unity Project
Using Asset Import Pipeline V2.
Cannot set VR devices because the platform passed isn't supported by Unity.
Cannot set VR devices because the platform passed isn't supported by Unity.
Cannot set VR devices because the platform passed isn't supported by Unity.
Cannot set VR devices because the platform passed isn't supported by Unity.
Cannot set VR devices because the platform passed isn't supported by Unity.
Cannot set VR devices because the platform passed isn't supported by Unity.
Cannot set VR devices because the platform passed isn't supported by Unity.
Cannot set VR devices because the platform passed isn't supported by Unity.
Cannot set VR devices because the platform passed isn't supported by Unity.
Cannot set VR devices because the platform passed isn't supported by Unity.
Cannot set VR devices because the platform passed isn't supported by Unity.
Refreshing native plugins compatible for Editor in 34.68 ms, found 2 plugins.
Preloading 0 native plugins for Editor in 0.00 ms.
Initialize engine version: 2020.3.29f1 (2ff179115da0)
[Subsystems] Discovering subsystems at path C:/Program Files/Unity 2020.3.29f1/Editor/Data/Resources/UnitySubsystems
[Subsystems] Discovering subsystems at path C:/Users/Kemalcan CEYLAN/Desktop/Tower-Defense-Tutorial-master/Tower Defense Unity Project/Assets
GfxDevice: creating device client; threaded=0
Direct3D:
    Version:  Direct3D 11.0 [level 11.1]
    Renderer: NVIDIA GeForce GTX 1060 6GB (ID=0x1c03)
    Vendor:   
    VRAM:     6052 MB
    Driver:   30.0.15.1259
Initialize mono
Mono path[0] = 'C:/Program Files/Unity 2020.3.29f1/Editor/Data/Managed'
Mono path[1] = 'C:/Program Files/Unity 2020.3.29f1/Editor/Data/MonoBleedingEdge/lib/mono/unityjit'
Mono config path = 'C:/Program Files/Unity 2020.3.29f1/Editor/Data/MonoBleedingEdge/etc'
Using monoOptions --debugger-agent=transport=dt_socket,embedding=1,server=y,suspend=n,address=127.0.0.1:56464
Begin MonoManager ReloadAssembly
Registering precompiled unity dll's ...
Register platform support module: C:/Program Files/Unity 2020.3.29f1/Editor/Data/PlaybackEngines/WindowsStandaloneSupport/UnityEditor.WindowsStandalone.Extensions.dll
Registered in 0.002213 seconds.
Native extension for WindowsStandalone target not found
Refreshing native plugins compatible for Editor in 31.60 ms, found 2 plugins.
Preloading 0 native plugins for Editor in 0.00 ms.
Mono: successfully reloaded assembly
- Completed reload, in  0.597 seconds
Domain Reload Profiling:
	ReloadAssembly (597ms)
		BeginReloadAssembly (72ms)
			ExecutionOrderSort (0ms)
			DisableScriptedObjects (0ms)
			BackupInstance (0ms)
			ReleaseScriptingObjects (0ms)
			CreateAndSetChildDomain (1ms)
		EndReloadAssembly (451ms)
			LoadAssemblies (70ms)
			RebuildTransferFunctionScriptingTraits (0ms)
			SetupTypeCache (158ms)
			ReleaseScriptCaches (0ms)
			RebuildScriptCaches (29ms)
			SetupLoadedEditorAssemblies (166ms)
				LogAssemblyErrors (0ms)
				InitializePlatformSupportModulesInManaged (4ms)
				SetLoadedEditorAssemblies (0ms)
				RefreshPlugins (32ms)
				BeforeProcessingInitializeOnLoad (15ms)
				ProcessInitializeOnLoadAttributes (84ms)
				ProcessInitializeOnLoadMethodAttributes (32ms)
				AfterProcessingInitializeOnLoad (0ms)
				EditorAssembliesLoaded (0ms)
			ExecutionOrderSort2 (0ms)
			AwakeInstancesAfterBackupRestoration (0ms)
Platform modules already initialized, skipping
Registering precompiled user dll's ...
Registered in 0.003197 seconds.
Begin MonoManager ReloadAssembly
Native extension for WindowsStandalone target not found
Refreshing native plugins compatible for Editor in 0.38 ms, found 2 plugins.
Preloading 0 native plugins for Editor in 0.00 ms.
Mono: successfully reloaded assembly
- Completed reload, in  0.970 seconds
Domain Reload Profiling:
	ReloadAssembly (971ms)
		BeginReloadAssembly (153ms)
			ExecutionOrderSort (0ms)
			DisableScriptedObjects (6ms)
			BackupInstance (0ms)
			ReleaseScriptingObjects (0ms)
			CreateAndSetChildDomain (17ms)
		EndReloadAssembly (758ms)
			LoadAssemblies (92ms)
			RebuildTransferFunctionScriptingTraits (0ms)
			SetupTypeCache (266ms)
			ReleaseScriptCaches (0ms)
			RebuildScriptCaches (42ms)
			SetupLoadedEditorAssemblies (274ms)
				LogAssemblyErrors (0ms)
				InitializePlatformSupportModulesInManaged (5ms)
				SetLoadedEditorAssemblies (1ms)
				RefreshPlugins (0ms)
				BeforeProcessingInitializeOnLoad (73ms)
				ProcessInitializeOnLoadAttributes (180ms)
				ProcessInitializeOnLoadMethodAttributes (9ms)
				AfterProcessingInitializeOnLoad (6ms)
				EditorAssembliesLoaded (0ms)
			ExecutionOrderSort2 (0ms)
			AwakeInstancesAfterBackupRestoration (6ms)
Platform modules already initialized, skipping
========================================================================
Worker process is ready to serve import requests
Cannot set VR devices because the platform passed isn't supported by Unity.
Cannot set VR devices because the platform passed isn't supported by Unity.
Cannot set VR devices because the platform passed isn't supported by Unity.
Cannot set VR devices because the platform passed isn't supported by Unity.
Cannot set VR devices because the platform passed isn't supported by Unity.
Cannot set VR devices because the platform passed isn't supported by Unity.
Cannot set VR devices because the platform passed isn't supported by Unity.
Cannot set VR devices because the platform passed isn't supported by Unity.
Cannot set VR devices because the platform passed isn't supported by Unity.
Cannot set VR devices because the platform passed isn't supported by Unity.
Cannot set VR devices because the platform passed isn't supported by Unity.
Launched and connected shader compiler UnityShaderCompiler.exe after 0.03 seconds
Refreshing native plugins compatible for Editor in 0.36 ms, found 2 plugins.
Preloading 0 native plugins for Editor in 0.00 ms.
Unloading 1528 Unused Serialized files (Serialized files now loaded: 0)
System memory in use before: 71.6 MB.
System memory in use after: 71.7 MB.

Unloading 16 unused Assets to reduce memory usage. Loaded Objects now: 1967.
Total: 2.335700 ms (FindLiveObjects: 0.119100 ms CreateObjectMapping: 0.044400 ms MarkObjects: 2.098600 ms  DeleteObjects: 0.072800 ms)

AssetImportParameters requested are different than current active one (requested -> active):
  custom:framework-win-MediaFoundation: 216162199b28c13a410421893ffa2e32 -> 
  custom:video-decoder-ogg-theora: a1e56fd34408186e4bbccfd4996cb3dc -> 
  custom:container-muxer-webm: aa71ff27fc2769a1b78a27578f13a17b -> 
  custom:container-demuxer-webm: 4f35f7cbe854078d1ac9338744f61a02 -> 
  custom:container-demuxer-ogg: 62fdf1f143b41e24485cea50d1cbac27 -> 
  custom:video-encoder-webm-vp8: eb34c28f22e8b96e1ab97ce403110664 -> 
  custom:video-decoder-webm-vp8: 9c59270c3fd7afecdb556c50c9e8de78 -> 
  custom:audio-decoder-ogg-vorbis: bf7c407c2cedff20999df2af8eb42d56 -> 
  custom:audio-encoder-webm-vorbis: bf7c407c2cedff20999df2af8eb42d56 -> 
========================================================================
Received Import Request.
  path: Assets/Scripts/Shop.cs
  artifactKey: Guid(ec756b43a7b10f04a95d2ba7095065e8) Importer(815301076,1909f56bfc062723c751e8b465ee728b)
Start importing Assets/Scripts/Shop.cs using Guid(ec756b43a7b10f04a95d2ba7095065e8) Importer(815301076,1909f56bfc062723c751e8b465ee728b)  -> (artifact id: '63f68a9a83d51477409c70afc030af5b') in 0.023901 seconds 
  Import took 0.027268 seconds .

========================================================================
Received Prepare
Cannot set VR devices because the platform passed isn't supported by Unity.
Cannot set VR devices because the platform passed isn't supported by Unity.
Cannot set VR devices because the platform passed isn't supported by Unity.
Cannot set VR devices because the platform passed isn't supported by Unity.
Cannot set VR devices because the platform passed isn't supported by Unity.
Cannot set VR devices because the platform passed isn't supported by Unity.
Cannot set VR devices because the platform passed isn't supported by Unity.
Cannot set VR devices because the platform passed isn't supported by Unity.
Cannot set VR devices because the platform passed isn't supported by Unity.
Cannot set VR devices because the platform passed isn't supported by Unity.
Cannot set VR devices because the platform passed isn't supported by Unity.
Registering precompiled user dll's ...
Registered in 0.002631 seconds.
Begin MonoManager ReloadAssembly
Native extension for WindowsStandalone target not found
Refreshing native plugins compatible for Editor in 0.34 ms, found 2 plugins.
Preloading 0 native plugins for Editor in 0.00 ms.
Mono: successfully reloaded assembly
- Completed reload, in  0.839 seconds
Domain Reload Profiling:
	ReloadAssembly (839ms)
		BeginReloadAssembly (101ms)
			ExecutionOrderSort (0ms)
			DisableScriptedObjects (4ms)
			BackupInstance (0ms)
			ReleaseScriptingObjects (0ms)
			CreateAndSetChildDomain (27ms)
		EndReloadAssembly (683ms)
			LoadAssemblies (81ms)
			RebuildTransferFunctionScriptingTraits (0ms)
			SetupTypeCache (235ms)
			ReleaseScriptCaches (1ms)
			RebuildScriptCaches (33ms)
			SetupLoadedEditorAssemblies (255ms)
				LogAssemblyErrors (0ms)
				InitializePlatformSupportModulesInManaged (4ms)
				SetLoadedEditorAssemblies (0ms)
				RefreshPlugins (0ms)
				BeforeProcessingInitializeOnLoad (67ms)
				ProcessInitializeOnLoadAttributes (169ms)
				ProcessInitializeOnLoadMethodAttributes (8ms)
				AfterProcessingInitializeOnLoad (6ms)
				EditorAssembliesLoaded (0ms)
			ExecutionOrderSort2 (0ms)
			AwakeInstancesAfterBackupRestoration (6ms)
Platform modules already initialized, skipping
Refreshing native plugins compatible for Editor in 0.34 ms, found 2 plugins.
Preloading 0 native plugins for Editor in 0.00 ms.
Unloading 1520 Unused Serialized files (Serialized files now loaded: 0)
System memory in use before: 71.1 MB.
System memory in use after: 71.2 MB.

Unloading 11 unused Assets to reduce memory usage. Loaded Objects now: 1969.
Total: 2.205400 ms (FindLiveObjects: 0.117400 ms CreateObjectMapping: 0.046200 ms MarkObjects: 2.022900 ms  DeleteObjects: 0.018200 ms)

AssetImportParameters requested are different than current active one (requested -> active):
  custom:framework-win-MediaFoundation: 216162199b28c13a410421893ffa2e32 -> 
  custom:video-decoder-ogg-theora: a1e56fd34408186e4bbccfd4996cb3dc -> 
  custom:container-muxer-webm: aa71ff27fc2769a1b78a27578f13a17b -> 
  custom:container-demuxer-webm: 4f35f7cbe854078d1ac9338744f61a02 -> 
  custom:container-demuxer-ogg: 62fdf1f143b41e24485cea50d1cbac27 -> 
  custom:video-encoder-webm-vp8: eb34c28f22e8b96e1ab97ce403110664 -> 
  custom:video-decoder-webm-vp8: 9c59270c3fd7afecdb556c50c9e8de78 -> 
  custom:audio-decoder-ogg-vorbis: bf7c407c2cedff20999df2af8eb42d56 -> 
  custom:audio-encoder-webm-vorbis: bf7c407c2cedff20999df2af8eb42d56 -> 
========================================================================
Received Import Request.
  Time since last request: 2632.969335 seconds.
  path: Assets/Enemies/Tough/Enemy_Tough.prefab
  artifactKey: Guid(e9a85746bae401841b80a742cdb9a891) Importer(815301076,1909f56bfc062723c751e8b465ee728b)
Start importing Assets/Enemies/Tough/Enemy_Tough.prefab using Guid(e9a85746bae401841b80a742cdb9a891) Importer(815301076,1909f56bfc062723c751e8b465ee728b)  -> (artifact id: 'b20ff1c9701da2abd411eeabc010bfa1') in 0.094981 seconds 
  Import took 0.099211 seconds .

========================================================================
Received Import Request.
  Time since last request: 1366.895505 seconds.
  path: Assets/Enemies/Tough/Enemy_Tough.prefab
  artifactKey: Guid(e9a85746bae401841b80a742cdb9a891) Importer(815301076,1909f56bfc062723c751e8b465ee728b)
Start importing Assets/Enemies/Tough/Enemy_Tough.prefab using Guid(e9a85746bae401841b80a742cdb9a891) Importer(815301076,1909f56bfc062723c751e8b465ee728b)  -> (artifact id: 'ec32fab1272e64d3bab3a6db27a0349f') in 0.027015 seconds 
  Import took 0.030459 seconds .

========================================================================
Received Prepare
Cannot set VR devices because the platform passed isn't supported by Unity.
Cannot set VR devices because the platform passed isn't supported by Unity.
Cannot set VR devices because the platform passed isn't supported by Unity.
Cannot set VR devices because the platform passed isn't supported by Unity.
Cannot set VR devices because the platform passed isn't supported by Unity.
Cannot set VR devices because the platform passed isn't supported by Unity.
Cannot set VR devices because the platform passed isn't supported by Unity.
Cannot set VR devices because the platform passed isn't supported by Unity.
Cannot set VR devices because the platform passed isn't supported by Unity.
Cannot set VR devices because the platform passed isn't supported by Unity.
Cannot set VR devices because the platform passed isn't supported by Unity.
Registering precompiled user dll's ...
Registered in 0.002794 seconds.
Begin MonoManager ReloadAssembly
Native extension for WindowsStandalone target not found
Refreshing native plugins compatible for Editor in 0.44 ms, found 2 plugins.
Preloading 0 native plugins for Editor in 0.00 ms.
Mono: successfully reloaded assembly
- Completed reload, in  0.853 seconds
Domain Reload Profiling:
	ReloadAssembly (853ms)
		BeginReloadAssembly (102ms)
			ExecutionOrderSort (0ms)
			DisableScriptedObjects (4ms)
			BackupInstance (0ms)
			ReleaseScriptingObjects (0ms)
			CreateAndSetChildDomain (30ms)
		EndReloadAssembly (697ms)
			LoadAssemblies (82ms)
			RebuildTransferFunctionScriptingTraits (0ms)
			SetupTypeCache (232ms)
			ReleaseScriptCaches (1ms)
			RebuildScriptCaches (33ms)
			SetupLoadedEditorAssemblies (273ms)
				LogAssemblyErrors (0ms)
				InitializePlatformSupportModulesInManaged (4ms)
				SetLoadedEditorAssemblies (0ms)
				RefreshPlugins (1ms)
				BeforeProcessingInitializeOnLoad (67ms)
				ProcessInitializeOnLoadAttributes (187ms)
				ProcessInitializeOnLoadMethodAttributes (8ms)
				AfterProcessingInitializeOnLoad (6ms)
				EditorAssembliesLoaded (0ms)
			ExecutionOrderSort2 (0ms)
			AwakeInstancesAfterBackupRestoration (6ms)
Platform modules already initialized, skipping
Refreshing native plugins compatible for Editor in 0.34 ms, found 2 plugins.
Preloading 0 native plugins for Editor in 0.00 ms.
Unloading 1520 Unused Serialized files (Serialized files now loaded: 0)
System memory in use before: 74.3 MB.
System memory in use after: 74.4 MB.

Unloading 11 unused Assets to reduce memory usage. Loaded Objects now: 1980.
Total: 2.324100 ms (FindLiveObjects: 0.136700 ms CreateObjectMapping: 0.051100 ms MarkObjects: 2.117800 ms  DeleteObjects: 0.017800 ms)

AssetImportParameters requested are different than current active one (requested -> active):
  custom:framework-win-MediaFoundation: 216162199b28c13a410421893ffa2e32 -> 
  custom:video-decoder-ogg-theora: a1e56fd34408186e4bbccfd4996cb3dc -> 
  custom:container-muxer-webm: aa71ff27fc2769a1b78a27578f13a17b -> 
  custom:container-demuxer-webm: 4f35f7cbe854078d1ac9338744f61a02 -> 
  custom:container-demuxer-ogg: 62fdf1f143b41e24485cea50d1cbac27 -> 
  custom:video-encoder-webm-vp8: eb34c28f22e8b96e1ab97ce403110664 -> 
  custom:video-decoder-webm-vp8: 9c59270c3fd7afecdb556c50c9e8de78 -> 
  custom:audio-decoder-ogg-vorbis: bf7c407c2cedff20999df2af8eb42d56 -> 
  custom:audio-encoder-webm-vorbis: bf7c407c2cedff20999df2af8eb42d56 -> 
========================================================================
Received Import Request.
  Time since last request: 551.656329 seconds.
  path: Assets/Imports/Laser Beamer
  artifactKey: Guid(36113c78188c2484698b7f4763131f62) Importer(815301076,1909f56bfc062723c751e8b465ee728b)
Start importing Assets/Imports/Laser Beamer using Guid(36113c78188c2484698b7f4763131f62) Importer(815301076,1909f56bfc062723c751e8b465ee728b)  -> (artifact id: 'e0801a1376051a002399d4546abffaf0') in 0.008785 seconds 
  Import took 0.012317 seconds .

========================================================================
Received Import Request.
  Time since last request: 209.196358 seconds.
  path: Assets/Enemies/Tough/Enemy_Tough.prefab
  artifactKey: Guid(e9a85746bae401841b80a742cdb9a891) Importer(815301076,1909f56bfc062723c751e8b465ee728b)
Start importing Assets/Enemies/Tough/Enemy_Tough.prefab using Guid(e9a85746bae401841b80a742cdb9a891) Importer(815301076,1909f56bfc062723c751e8b465ee728b)  -> (artifact id: '64ba3fdce4f93b46de9949d078ac6217') in 0.041128 seconds 
  Import took 0.044069 seconds .

========================================================================
Received Import Request.
  Time since last request: 3.778541 seconds.
  path: Assets/Enemies/Tough/Enemy_Tough.prefab
  artifactKey: Guid(e9a85746bae401841b80a742cdb9a891) Importer(815301076,1909f56bfc062723c751e8b465ee728b)
Start importing Assets/Enemies/Tough/Enemy_Tough.prefab using Guid(e9a85746bae401841b80a742cdb9a891) Importer(815301076,1909f56bfc062723c751e8b465ee728b)  -> (artifact id: '5ca89660957d21a24b9a3f3afac99679') in 0.009464 seconds 
  Import took 0.012578 seconds .

========================================================================
Received Import Request.
  Time since last request: 21.166963 seconds.
  path: Assets/Enemies/Tough/Enemy_Tough.prefab
  artifactKey: Guid(e9a85746bae401841b80a742cdb9a891) Importer(815301076,1909f56bfc062723c751e8b465ee728b)
Start importing Assets/Enemies/Tough/Enemy_Tough.prefab using Guid(e9a85746bae401841b80a742cdb9a891) Importer(815301076,1909f56bfc062723c751e8b465ee728b)  -> (artifact id: '93a4c59e4c9e5f484a940887edd4b3fb') in 0.008224 seconds 
  Import took 0.011420 seconds .

========================================================================
Received Import Request.
  Time since last request: 16.451084 seconds.
  path: Assets/Enemies/Tough/Enemy_Tough.prefab
  artifactKey: Guid(e9a85746bae401841b80a742cdb9a891) Importer(815301076,1909f56bfc062723c751e8b465ee728b)
Start importing Assets/Enemies/Tough/Enemy_Tough.prefab using Guid(e9a85746bae401841b80a742cdb9a891) Importer(815301076,1909f56bfc062723c751e8b465ee728b)  -> (artifact id: 'a05bc1140393f03ea1a30ffbea4acb6f') in 0.007464 seconds 
  Import took 0.010478 seconds .

========================================================================
Received Import Request.
  Time since last request: 82.497514 seconds.
  path: Assets/PolygonZombies/Textures/Alts/PolygonZombie_Texture_02_A.png
  artifactKey: Guid(cf58bafc3287d204283b107b76cc376b) Importer(815301076,1909f56bfc062723c751e8b465ee728b)
Start importing Assets/PolygonZombies/Textures/Alts/PolygonZombie_Texture_02_A.png using Guid(cf58bafc3287d204283b107b76cc376b) Importer(815301076,1909f56bfc062723c751e8b465ee728b)  -> (artifact id: '23f5d879f0171e80b0b4f91a0b438d79') in 0.087600 seconds 
  Import took 0.090821 seconds .

========================================================================
Received Import Request.
  Time since last request: 0.000142 seconds.
  path: Assets/PolygonZombies/Textures/Alts/PolygonZombie_Texture_03_A.png
  artifactKey: Guid(2cf11d2cdaccc3843adcf6ab2e2cb9bb) Importer(815301076,1909f56bfc062723c751e8b465ee728b)
Start importing Assets/PolygonZombies/Textures/Alts/PolygonZombie_Texture_03_A.png using Guid(2cf11d2cdaccc3843adcf6ab2e2cb9bb) Importer(815301076,1909f56bfc062723c751e8b465ee728b)  -> (artifact id: '12f3409334b8969f4dc8bc78e16cfd4c') in 0.016998 seconds 
  Import took 0.019783 seconds .

========================================================================
Received Import Request.
  Time since last request: 0.000126 seconds.
  path: Assets/PolygonZombies/Textures/Alts/PolygonZombie_Texture_04_B.png
  artifactKey: Guid(5ea989080ef672648b06feeacfcae943) Importer(815301076,1909f56bfc062723c751e8b465ee728b)
Start importing Assets/PolygonZombies/Textures/Alts/PolygonZombie_Texture_04_B.png using Guid(5ea989080ef672648b06feeacfcae943) Importer(815301076,1909f56bfc062723c751e8b465ee728b)  -> (artifact id: '697080712a1394dfc30b79735f8c4f48') in 0.018395 seconds 
  Import took 0.021087 seconds .

========================================================================
Received Import Request.
  Time since last request: 0.000220 seconds.
  path: Assets/PolygonZombies/Textures/Alts/PolygonZombie_Texture_03_C.png
  artifactKey: Guid(aceea57f10ba20449beb3d0872186684) Importer(815301076,1909f56bfc062723c751e8b465ee728b)
Start importing Assets/PolygonZombies/Textures/Alts/PolygonZombie_Texture_03_C.png using Guid(aceea57f10ba20449beb3d0872186684) Importer(815301076,1909f56bfc062723c751e8b465ee728b)  -> (artifact id: '2f20c6c08d045ba8bfda409a07cd9898') in 0.021052 seconds 
  Import took 0.023688 seconds .

========================================================================
Received Import Request.
  Time since last request: 0.000127 seconds.
  path: Assets/PolygonZombies/Textures/Alts/PolygonZombie_Texture_03_B.png
  artifactKey: Guid(1752724bd678d5d459797e1281266bb8) Importer(815301076,1909f56bfc062723c751e8b465ee728b)
Start importing Assets/PolygonZombies/Textures/Alts/PolygonZombie_Texture_03_B.png using Guid(1752724bd678d5d459797e1281266bb8) Importer(815301076,1909f56bfc062723c751e8b465ee728b)  -> (artifact id: '20733615eb3089c59f20116860e7ed63') in 0.017471 seconds 
  Import took 0.019857 seconds .

========================================================================
Received Import Request.
  Time since last request: 0.000249 seconds.
  path: Assets/PolygonZombies/Textures/Alts/PolygonZombie_Texture_04_C.png
  artifactKey: Guid(429490c9cd8aa464b9981dd070128fff) Importer(815301076,1909f56bfc062723c751e8b465ee728b)
Start importing Assets/PolygonZombies/Textures/Alts/PolygonZombie_Texture_04_C.png using Guid(429490c9cd8aa464b9981dd070128fff) Importer(815301076,1909f56bfc062723c751e8b465ee728b)  -> (artifact id: '296171d18689a95cc814ed93c4362608') in 0.017728 seconds 
  Import took 0.020268 seconds .

========================================================================
Received Import Request.
  Time since last request: 0.000143 seconds.
  path: Assets/PolygonZombies/Textures/Alts/PolygonZombie_Texture_02_C.png
  artifactKey: Guid(6830d163febc32341a23379358984348) Importer(815301076,1909f56bfc062723c751e8b465ee728b)
Start importing Assets/PolygonZombies/Textures/Alts/PolygonZombie_Texture_02_C.png using Guid(6830d163febc32341a23379358984348) Importer(815301076,1909f56bfc062723c751e8b465ee728b)  -> (artifact id: 'dbad3446e63121aebf9f7beb565d03ae') in 0.016879 seconds 
  Import took 0.019351 seconds .

========================================================================
Received Import Request.
  Time since last request: 0.000133 seconds.
  path: Assets/PolygonZombies/Textures/Alts/PolygonZombie_Texture_04_A.png
  artifactKey: Guid(882c6863cec55fd4884898dc0eaa03b4) Importer(815301076,1909f56bfc062723c751e8b465ee728b)
Start importing Assets/PolygonZombies/Textures/Alts/PolygonZombie_Texture_04_A.png using Guid(882c6863cec55fd4884898dc0eaa03b4) Importer(815301076,1909f56bfc062723c751e8b465ee728b)  -> (artifact id: 'bd993eb5bceb67292e7ef52779163448') in 0.018911 seconds 
  Import took 0.021417 seconds .

========================================================================
Received Import Request.
  Time since last request: 0.000122 seconds.
  path: Assets/PolygonZombies/Textures/Alts/PolygonZombie_Texture_02_B.png
  artifactKey: Guid(4e4a716343831044e8004be5951902a3) Importer(815301076,1909f56bfc062723c751e8b465ee728b)
Start importing Assets/PolygonZombies/Textures/Alts/PolygonZombie_Texture_02_B.png using Guid(4e4a716343831044e8004be5951902a3) Importer(815301076,1909f56bfc062723c751e8b465ee728b)  -> (artifact id: '109e5d908717aba3315723edf2698d45') in 0.018134 seconds 
  Import took 0.020836 seconds .

========================================================================
Received Import Request.
  Time since last request: 22.753495 seconds.
  path: Assets/PolygonBossZombies/Materials/Polygon_ZombieBoss_01_A.mat
  artifactKey: Guid(68021691667e41745913058504a1d954) Importer(815301076,1909f56bfc062723c751e8b465ee728b)
Start importing Assets/PolygonBossZombies/Materials/Polygon_ZombieBoss_01_A.mat using Guid(68021691667e41745913058504a1d954) Importer(815301076,1909f56bfc062723c751e8b465ee728b)  -> (artifact id: '9bc744e60708efa1870cb18cadf4e3ac') in 0.070357 seconds 
  Import took 0.073227 seconds .

========================================================================
Received Import Request.
  Time since last request: 0.000190 seconds.
  path: Assets/PolygonBossZombies/Materials/Polygon_ZombieBoss_01_B.mat
  artifactKey: Guid(f399146b3b4667e45bedf8c749f86fe5) Importer(815301076,1909f56bfc062723c751e8b465ee728b)
Start importing Assets/PolygonBossZombies/Materials/Polygon_ZombieBoss_01_B.mat using Guid(f399146b3b4667e45bedf8c749f86fe5) Importer(815301076,1909f56bfc062723c751e8b465ee728b)  -> (artifact id: '499176ddaf5951f62e5d64220bbf884f') in 0.029170 seconds 
  Import took 0.031650 seconds .

========================================================================
Received Import Request.
  Time since last request: 0.000134 seconds.
  path: Assets/PolygonBossZombies/Materials/Polygon_ZombieBoss_01_C.mat
  artifactKey: Guid(780c052f0fede104286d71d2bede8154) Importer(815301076,1909f56bfc062723c751e8b465ee728b)
Start importing Assets/PolygonBossZombies/Materials/Polygon_ZombieBoss_01_C.mat using Guid(780c052f0fede104286d71d2bede8154) Importer(815301076,1909f56bfc062723c751e8b465ee728b)  -> (artifact id: '6f4408e8f6fc9e1924dd48fb123555f7') in 0.027244 seconds 
  Import took 0.029700 seconds .

========================================================================
Received Import Request.
  Time since last request: 16.065611 seconds.
  path: Assets/Enemies/Tough/Enemy_Tough.prefab
  artifactKey: Guid(e9a85746bae401841b80a742cdb9a891) Importer(815301076,1909f56bfc062723c751e8b465ee728b)
Start importing Assets/Enemies/Tough/Enemy_Tough.prefab using Guid(e9a85746bae401841b80a742cdb9a891) Importer(815301076,1909f56bfc062723c751e8b465ee728b)  -> (artifact id: 'df0f56643941eb452f82e4e2a2bbb0ce') in 0.026792 seconds 
  Import took 0.029985 seconds .

========================================================================
Received Import Request.
  Time since last request: 29.457801 seconds.
  path: Assets/Enemies/Tough/Enemy_Tough.prefab
  artifactKey: Guid(e9a85746bae401841b80a742cdb9a891) Importer(815301076,1909f56bfc062723c751e8b465ee728b)
Start importing Assets/Enemies/Tough/Enemy_Tough.prefab using Guid(e9a85746bae401841b80a742cdb9a891) Importer(815301076,1909f56bfc062723c751e8b465ee728b)  -> (artifact id: 'a7c606caa2144988544a5894a5b77ec8') in 0.018092 seconds 
  Import took 0.021077 seconds .

========================================================================
Received Prepare
Cannot set VR devices because the platform passed isn't supported by Unity.
Cannot set VR devices because the platform passed isn't supported by Unity.
Cannot set VR devices because the platform passed isn't supported by Unity.
Cannot set VR devices because the platform passed isn't supported by Unity.
Cannot set VR devices because the platform passed isn't supported by Unity.
Cannot set VR devices because the platform passed isn't supported by Unity.
Cannot set VR devices because the platform passed isn't supported by Unity.
Cannot set VR devices because the platform passed isn't supported by Unity.
Cannot set VR devices because the platform passed isn't supported by Unity.
Cannot set VR devices because the platform passed isn't supported by Unity.
Cannot set VR devices because the platform passed isn't supported by Unity.
Registering precompiled user dll's ...
Registered in 0.002679 seconds.
Begin MonoManager ReloadAssembly
Native extension for WindowsStandalone target not found
Refreshing native plugins compatible for Editor in 0.34 ms, found 2 plugins.
Preloading 0 native plugins for Editor in 0.00 ms.
Mono: successfully reloaded assembly
- Completed reload, in  0.869 seconds
Domain Reload Profiling:
	ReloadAssembly (870ms)
		BeginReloadAssembly (106ms)
			ExecutionOrderSort (0ms)
			DisableScriptedObjects (3ms)
			BackupInstance (0ms)
			ReleaseScriptingObjects (0ms)
			CreateAndSetChildDomain (28ms)
		EndReloadAssembly (705ms)
			LoadAssemblies (89ms)
			RebuildTransferFunctionScriptingTraits (0ms)
			SetupTypeCache (236ms)
			ReleaseScriptCaches (1ms)
			RebuildScriptCaches (32ms)
			SetupLoadedEditorAssemblies (274ms)
				LogAssemblyErrors (0ms)
				InitializePlatformSupportModulesInManaged (4ms)
				SetLoadedEditorAssemblies (0ms)
				RefreshPlugins (0ms)
				BeforeProcessingInitializeOnLoad (67ms)
				ProcessInitializeOnLoadAttributes (178ms)
				ProcessInitializeOnLoadMethodAttributes (14ms)
				AfterProcessingInitializeOnLoad (9ms)
				EditorAssembliesLoaded (0ms)
			ExecutionOrderSort2 (0ms)
			AwakeInstancesAfterBackupRestoration (6ms)
Platform modules already initialized, skipping
Refreshing native plugins compatible for Editor in 0.39 ms, found 2 plugins.
Preloading 0 native plugins for Editor in 0.00 ms.
Unloading 1520 Unused Serialized files (Serialized files now loaded: 0)
System memory in use before: 74.6 MB.
System memory in use after: 74.7 MB.

Unloading 12 unused Assets to reduce memory usage. Loaded Objects now: 2017.
Total: 2.220900 ms (FindLiveObjects: 0.139900 ms CreateObjectMapping: 0.051500 ms MarkObjects: 2.007400 ms  DeleteObjects: 0.021400 ms)

AssetImportParameters requested are different than current active one (requested -> active):
  custom:framework-win-MediaFoundation: 216162199b28c13a410421893ffa2e32 -> 
  custom:video-decoder-ogg-theora: a1e56fd34408186e4bbccfd4996cb3dc -> 
  custom:container-muxer-webm: aa71ff27fc2769a1b78a27578f13a17b -> 
  custom:container-demuxer-webm: 4f35f7cbe854078d1ac9338744f61a02 -> 
  custom:container-demuxer-ogg: 62fdf1f143b41e24485cea50d1cbac27 -> 
  custom:video-encoder-webm-vp8: eb34c28f22e8b96e1ab97ce403110664 -> 
  custom:video-decoder-webm-vp8: 9c59270c3fd7afecdb556c50c9e8de78 -> 
  custom:audio-decoder-ogg-vorbis: bf7c407c2cedff20999df2af8eb42d56 -> 
  custom:audio-encoder-webm-vorbis: bf7c407c2cedff20999df2af8eb42d56 -> 
